# JRE version: OpenJDK Runtime Environment (8.0_152-b01) (build 1.8.0_152-release-1248-b01)
# Java VM: OpenJDK 64-Bit Server VM (25.152-b01 mixed mode windows-amd64 compressed oops)
Heap:
 PSYoungGen      total 231936K, used 6850K [0x00000000e0000000, 0x00000000ef380000, 0x0000000100000000)
  eden space 217088K, 0% used [0x00000000e0000000,0x00000000e0000000,0x00000000ed400000)
  from space 14848K, 46% used [0x00000000ed680000,0x00000000edd30b08,0x00000000ee500000)
  to   space 10240K, 0% used [0x00000000ee980000,0x00000000ee980000,0x00000000ef380000)
 ParOldGen       total 84480K, used 16454K [0x00000000a0000000, 0x00000000a5280000, 0x00000000e0000000)
  object space 84480K, 19% used [0x00000000a0000000,0x00000000a1011bb8,0x00000000a5280000)
 Metaspace       used 39747K, capacity 40388K, committed 40624K, reserved 1087488K
  class space    used 5438K, capacity 5704K, committed 5808K, reserved 1048576K
GC Heap History (10 events):
Event: 6.836 GC heap before
{Heap before GC invocations=4 (full 0):
 PSYoungGen      total 71680K, used 41185K [0x00000000e0000000, 0x00000000e8c00000, 0x0000000100000000)
  eden space 66560K, 54% used [0x00000000e0000000,0x00000000e233c720,0x00000000e4100000)
  from space 5120K, 99% used [0x00000000e4100000,0x00000000e45fc030,0x00000000e4600000)
  to   space 5120K, 0% used [0x00000000e8700000,0x00000000e8700000,0x00000000e8c00000)
 ParOldGen       total 87552K, used 5501K [0x00000000a0000000, 0x00000000a5580000, 0x00000000e0000000)
  object space 87552K, 6% used [0x00000000a0000000,0x00000000a055f710,0x00000000a5580000)
 Metaspace       used 20803K, capacity 21238K, committed 21296K, reserved 1067008K
  class space    used 2906K, capacity 3085K, committed 3120K, reserved 1048576K
Event: 6.861 GC heap after
Heap after GC invocations=4 (full 0):
 PSYoungGen      total 138240K, used 5088K [0x00000000e0000000, 0x00000000e8c00000, 0x0000000100000000)
  eden space 133120K, 0% used [0x00000000e0000000,0x00000000e0000000,0x00000000e8200000)
  from space 5120K, 99% used [0x00000000e8700000,0x00000000e8bf8050,0x00000000e8c00000)
  to   space 5120K, 0% used [0x00000000e8200000,0x00000000e8200000,0x00000000e8700000)
 ParOldGen       total 87552K, used 10142K [0x00000000a0000000, 0x00000000a5580000, 0x00000000e0000000)
  object space 87552K, 11% used [0x00000000a0000000,0x00000000a09e7b68,0x00000000a5580000)
 Metaspace       used 20803K, capacity 21238K, committed 21296K, reserved 1067008K
  class space    used 2906K, capacity 3085K, committed 3120K, reserved 1048576K
}
Event: 6.861 GC heap before
{Heap before GC invocations=5 (full 1):
 PSYoungGen      total 138240K, used 5088K [0x00000000e0000000, 0x00000000e8c00000, 0x0000000100000000)
  eden space 133120K, 0% used [0x00000000e0000000,0x00000000e0000000,0x00000000e8200000)
  from space 5120K, 99% used [0x00000000e8700000,0x00000000e8bf8050,0x00000000e8c00000)
  to   space 5120K, 0% used [0x00000000e8200000,0x00000000e8200000,0x00000000e8700000)
 ParOldGen       total 87552K, used 10142K [0x00000000a0000000, 0x00000000a5580000, 0x00000000e0000000)
  object space 87552K, 11% used [0x00000000a0000000,0x00000000a09e7b68,0x00000000a5580000)
 Metaspace       used 20803K, capacity 21238K, committed 21296K, reserved 1067008K
  class space    used 2906K, capacity 3085K, committed 3120K, reserved 1048576K
Event: 6.904 GC heap after
Heap after GC invocations=5 (full 1):
 PSYoungGen      total 138240K, used 0K [0x00000000e0000000, 0x00000000e8c00000, 0x0000000100000000)
  eden space 133120K, 0% used [0x00000000e0000000,0x00000000e0000000,0x00000000e8200000)
  from space 5120K, 0% used [0x00000000e8700000,0x00000000e8700000,0x00000000e8c00000)
  to   space 5120K, 0% used [0x00000000e8200000,0x00000000e8200000,0x00000000e8700000)
 ParOldGen       total 60416K, used 10687K [0x00000000a0000000, 0x00000000a3b00000, 0x00000000e0000000)
  object space 60416K, 17% used [0x00000000a0000000,0x00000000a0a6ffa0,0x00000000a3b00000)
 Metaspace       used 20803K, capacity 21238K, committed 21296K, reserved 1067008K
  class space    used 2906K, capacity 3085K, committed 3120K, reserved 1048576K
}
Event: 10.675 GC heap before
{Heap before GC invocations=6 (full 1):
 PSYoungGen      total 138240K, used 133120K [0x00000000e0000000, 0x00000000e8c00000, 0x0000000100000000)
  eden space 133120K, 100% used [0x00000000e0000000,0x00000000e8200000,0x00000000e8200000)
  from space 5120K, 0% used [0x00000000e8700000,0x00000000e8700000,0x00000000e8c00000)
  to   space 5120K, 0% used [0x00000000e8200000,0x00000000e8200000,0x00000000e8700000)
 ParOldGen       total 60416K, used 10687K [0x00000000a0000000, 0x00000000a3b00000, 0x00000000e0000000)
  object space 60416K, 17% used [0x00000000a0000000,0x00000000a0a6ffa0,0x00000000a3b00000)
 Metaspace       used 30489K, capacity 30960K, committed 31152K, reserved 1075200K
  class space    used 4224K, capacity 4419K, committed 4528K, reserved 1048576K
Event: 10.692 GC heap after
Heap after GC invocations=6 (full 1):
 PSYoungGen      total 138240K, used 5104K [0x00000000e0000000, 0x00000000ef800000, 0x0000000100000000)
  eden space 133120K, 0% used [0x00000000e0000000,0x00000000e0000000,0x00000000e8200000)
  from space 5120K, 99% used [0x00000000e8200000,0x00000000e86fc010,0x00000000e8700000)
  to   space 14848K, 0% used [0x00000000ee980000,0x00000000ee980000,0x00000000ef800000)
 ParOldGen       total 60416K, used 17580K [0x00000000a0000000, 0x00000000a3b00000, 0x00000000e0000000)
  object space 60416K, 29% used [0x00000000a0000000,0x00000000a112b2f8,0x00000000a3b00000)
 Metaspace       used 30489K, capacity 30960K, committed 31152K, reserved 1075200K
  class space    used 4224K, capacity 4419K, committed 4528K, reserved 1048576K
}
Event: 18.135 GC heap before
{Heap before GC invocations=7 (full 1):
 PSYoungGen      total 138240K, used 41675K [0x00000000e0000000, 0x00000000ef800000, 0x0000000100000000)
  eden space 133120K, 27% used [0x00000000e0000000,0x00000000e23b6da0,0x00000000e8200000)
  from space 5120K, 99% used [0x00000000e8200000,0x00000000e86fc010,0x00000000e8700000)
  to   space 14848K, 0% used [0x00000000ee980000,0x00000000ee980000,0x00000000ef800000)
 ParOldGen       total 60416K, used 17580K [0x00000000a0000000, 0x00000000a3b00000, 0x00000000e0000000)
  object space 60416K, 29% used [0x00000000a0000000,0x00000000a112b2f8,0x00000000a3b00000)
 Metaspace       used 34796K, capacity 35314K, committed 35496K, reserved 1079296K
  class space    used 4844K, capacity 5061K, committed 5168K, reserved 1048576K
Event: 18.150 GC heap after
Heap after GC invocations=7 (full 1):
 PSYoungGen      total 227328K, used 9834K [0x00000000e0000000, 0x00000000ef380000, 0x0000000100000000)
  eden space 217088K, 0% used [0x00000000e0000000,0x00000000e0000000,0x00000000ed400000)
  from space 10240K, 96% used [0x00000000ee980000,0x00000000ef31abd8,0x00000000ef380000)
  to   space 14848K, 0% used [0x00000000ed680000,0x00000000ed680000,0x00000000ee500000)
 ParOldGen       total 60416K, used 17588K [0x00000000a0000000, 0x00000000a3b00000, 0x00000000e0000000)
  object space 60416K, 29% used [0x00000000a0000000,0x00000000a112d2f8,0x00000000a3b00000)
 Metaspace       used 34796K, capacity 35314K, committed 35496K, reserved 1079296K
  class space    used 4844K, capacity 5061K, committed 5168K, reserved 1048576K
}
Event: 18.317 GC heap before
{Heap before GC invocations=8 (full 2):
 PSYoungGen      total 227328K, used 9834K [0x00000000e0000000, 0x00000000ef380000, 0x0000000100000000)
  eden space 217088K, 0% used [0x00000000e0000000,0x00000000e0000000,0x00000000ed400000)
  from space 10240K, 96% used [0x00000000ee980000,0x00000000ef31abd8,0x00000000ef380000)
  to   space 14848K, 0% used [0x00000000ed680000,0x00000000ed680000,0x00000000ee500000)
 ParOldGen       total 60416K, used 17588K [0x00000000a0000000, 0x00000000a3b00000, 0x00000000e0000000)
  object space 60416K, 29% used [0x00000000a0000000,0x00000000a112d2f8,0x00000000a3b00000)
 Metaspace       used 34796K, capacity 35314K, committed 35496K, reserved 1079296K
  class space    used 4844K, capacity 5061K, committed 5168K, reserved 1048576K
Event: 18.399 GC heap after
Heap after GC invocations=8 (full 2):
 PSYoungGen      total 227328K, used 0K [0x00000000e0000000, 0x00000000ef380000, 0x0000000100000000)
  eden space 217088K, 0% used [0x00000000e0000000,0x00000000e0000000,0x00000000ed400000)
  from space 10240K, 0% used [0x00000000ee980000,0x00000000ee980000,0x00000000ef380000)
  to   space 14848K, 0% used [0x00000000ed680000,0x00000000ed680000,0x00000000ee500000)
 ParOldGen       total 84480K, used 16446K [0x00000000a0000000, 0x00000000a5280000, 0x00000000e0000000)
  object space 84480K, 19% used [0x00000000a0000000,0x00000000a100fbb8,0x00000000a5280000)
 Metaspace       used 34796K, capacity 35314K, committed 35496K, reserved 1079296K
  class space    used 4844K, capacity 5061K, committed 5168K, reserved 1048576K
}

